1720553457057:he,p
1720553459025:help
1720553540963:exit
1720553619289:help
1720553647374:exit
1720553753896:help
1720553949157:exit
1720553964281:checkout blah
1720554000769:exit
1720554012486:checkout blah
1720554027167:checkout blah 2 3
1720554083217:exit
1720554100180:help
1720554108572:checkout blah 3
1720554112748:checkout blah sdf
1720554123764:exit
1720554147945:checkout blah 4
1720554151281:checkout blah dsf
1720554325366:exit
1720554335338:help
1720554357290:exit
1720554366454:help
1720554370934:checkout
1720554435513:exit
1720554446108:help
1720554450588:checkout
1720554673314:exit
1720554684376:help
1720554691327:checkout
1720554840862:exit
1720554882099:help
1720554885250:checkout
1720554898166:checkout blah
1720554919702:checkout blah 1 df df
1720555019729:exit
1720555029769:help
1720555078267:exit
1720555091532:checkout blah 1 df df
1720555099587:exit
1720555109071:checkout blah 1 df df
1720555116176:checkout blah 1 2 fg
1720555120752:checkout blah 1 100 fg
1720555123137:checkout blah 1 1000 fg
1720556185285:exit
1720556195997:checkout blah 1 1000 fg
1720556234446:checkout blah 0 100 fg
1720556394417:exit
1720556405730:checkout blah 0 100 fg
1720556425839:exit
1720556435431:checkout blah 0 100 fg
1720556492704:exit
1720556502385:checkout blah 0 100 fg
1720556638559:exit
1720556645839:checkout blah 0 100 fg
1720556968379:exit
1720556978111:checkout blah 0 100 fg
1720557155564:exit
1720557164156:help
1720557169861:checkout blah 0 100 fg
1720557277742:exit
1720557286846:checkout blah 0 100 fg
1720557290227:help
1720558827894:exit
1720558848335:help
1720558851415:checkout blah 0 100 fg
1720559038499:exit
1720559048912:checkout blah 0 100 fg
1720559158398:exit
1720559168970:checkout blah 0 100 fg
1720559213192:exit
1720559222772:checkout blah 0 100 fg
1720559414004:exit
1720559429008:help
1720559445265:change-password 234
1720560812589:exit
1720561069307:change-password 234
1720561253324:exit
1720561262420:change-password 234
1720561290144:exit
1720561462470:change-password 234
1720561910291:exit
1720561921916:change-password 234
1720561932768:exit
1720561948816:change-password 234
1720561979360:exit
1720562123684:helphdfdfjk
1720562310732:exit
1720562545087:help
1720562550823:change-password 234
1720562764443:exit
1720562835766:change-password 234
1720563851588:checkout blah 0 100 fg
1720563895126:stacktrace
1720565091729:exit
1720565105470:exit
1720565260878:change-password 234
1720565328407:exit
1720565335992:change-password 234
1720566345051:checkout blah dfd 100 fg
1720566354003:stacktrace
1720566369696:help
1720577962085:exit
1720577980254:help
1720578774760:exit
1720578871282:checkout JAKR 5 100 9/3/15
1720578882827:checkout JAKR 5 101 9/3/15
1720578892731:checkout JAKd 5 100 9/3/15
1720578906558:stacktrace
1720578921056:checkout JAKD 5 100 9/3/15
1720578926360:checkout JAKs 5 100 9/3/15
1720579039298:exit
1720579108581:checkout JACKD 3 4 4/5/03
1720579115140:checkout JACKR 3 4 4/5/03
1720579138673:stacktrace
1720579189027:checkout JACKR 3 4 4/5/03
1720579251847:exit
1720579271481:checkout JACKR 3 4 4/5/03
1720579279024:checkout JAKR 3 4 4/5/03
1720579285296:checkout JAKR 3 4 12/5/03
1720579289688:checkout JAKR 3 4 13/5/03
1720579300424:checkout JAKR 3 4 99/5/03
1720579317530:checkout JAKR 3 4 12/15/03
1720579323946:checkout JAKR 3 4 12/15/2003
1720579332037:checkout JAKR 3 4 12/15/1993
1720579353132:checkout JAKR 3 4 12/15/20
1720580045107:exit
1720580158865:checkout JAKR 3 4 12/15/20
1720580173008:checkout JAKR 5 4 12/30/20
1720585768337:exit
1720629521961:checkout JAKR 5 4 12/30/20
1720629573572:checkout JAKR 5 4 7/1/24
1720629904158:exit
1720629956793:checkout JAKR 5 4 7/1/24
1720634013067:exit
1720634174378:checkout JAKR 5 4 7/1/24
1720634366511:exit
1720634383761:checkout JAKR 5 4 7/1/24
1720634445558:checkout JAKR 5 10 7/1/24
1720634462599:exit
1720634472237:checkout JAKR 5 4 7/1/24
1720634536453:exit
1720634546569:checkout JAKR 5 4 7/1/24
1720634566585:exit
1720634581134:checkout JAKR 5 4 7/1/24
1720634587468:stacktrace
1720634635767:exit
1720634646416:checkout JAKR 5 4 7/1/24
1720634649975:stacktrace
1720634739211:exit
1720634749211:checkout JAKR 5 4 7/1/24
1720634763183:exit
1720634772791:checkout JAKR 5 4 7/1/24
1720634803458:exit
1720634812720:checkout JAKR 5 4 7/1/24
1720634959975:exit
1720634971337:checkout JAKR 5 4 7/1/24
1720634985336:exit
1720634994684:checkout JAKR 5 4 7/1/24
1720635314672:exit
1720635323918:checkout JAKR 5 4 7/1/24
1720635381895:exit
1720635392458:checkout JAKR 5 4 7/1/24
1720635541442:exit
1720635552199:checkout JAKR 5 4 7/1/24
1720635554898:exit
1720639368129:checkout JAKR 5 4 7/1/24
1720639387429:exit
1720642136429:help
1720642737124:exit
1720642850772:help
1720642962442:checkout --help
1720643126123:exit
1720643162215:help
1720643250962:exit
1720643270113:help
1720643310116:script --help
1720643319093:help
1720643335374:checkout --help
1720643434118:clear
1720643436773:help
1720643459779:exit
1720643479259:checkout
1720643485922:checkout tool
1720643553156:checkout JAKR 5 4 7/1/24
1720643559796:exit
1720643786579:checkout --help
1720644074521:exit
1720644083722:help
1720644088930:list
1720644411453:exit
1720644422690:help
1720644450922:exit
1720644460246:help
1720644465806:list
1720644471994:tool
1720644476946:tool JAKD
1720644498314:exit
1720644507856:tool JAKD
1720644700829:exit
1720644710001:tool JAKD
1720644813056:exit
1720644823168:tool JAKD
1720644874206:help
1720644885045:checkout --help
1720644889129:exit
